<?xml version="1.0" encoding="UTF-8" ?>
<testsuite failures="0" time="0.004" errors="0" skipped="1" tests="1" name="org.fao.teldir.common.TestUtils">
  <properties>
    <property name="java.runtime.name" value="Java(TM) SE Runtime Environment"/>
    <property name="sun.boot.library.path" value="C:\dev\tools\java\jdk1.6.0_23\jre\bin"/>
    <property name="java.vm.version" value="19.0-b09"/>
    <property name="java.vm.vendor" value="Sun Microsystems Inc."/>
    <property name="java.vendor.url" value="http://java.sun.com/"/>
    <property name="path.separator" value=";"/>
    <property name="java.vm.name" value="Java HotSpot(TM) Client VM"/>
    <property name="file.encoding.pkg" value="sun.io"/>
    <property name="user.country" value="GB"/>
    <property name="sun.java.launcher" value="SUN_STANDARD"/>
    <property name="sun.os.patch.level" value="Service Pack 2"/>
    <property name="java.vm.specification.name" value="Java Virtual Machine Specification"/>
    <property name="user.dir" value="C:\dev\workspaces\dojo\telephone-directory"/>
    <property name="java.runtime.version" value="1.6.0_23-b05"/>
    <property name="java.awt.graphicsenv" value="sun.awt.Win32GraphicsEnvironment"/>
    <property name="basedir" value="C:\dev\workspaces\dojo\telephone-directory"/>
    <property name="java.endorsed.dirs" value="C:\dev\tools\java\jdk1.6.0_23\jre\lib\endorsed"/>
    <property name="os.arch" value="x86"/>
    <property name="surefire.real.class.path" value="C:\Users\Vespucci\AppData\Local\Temp\surefirebooter1586498782252430551.jar"/>
    <property name="java.io.tmpdir" value="C:\Users\Vespucci\AppData\Local\Temp\"/>
    <property name="line.separator" value="
"/>
    <property name="java.vm.specification.vendor" value="Sun Microsystems Inc."/>
    <property name="user.variant" value=""/>
    <property name="os.name" value="Windows Vista"/>
    <property name="sun.jnu.encoding" value="Cp1252"/>
    <property name="java.library.path" value="C:\dev\tools\java\jdk1.6.0_23\jre\bin;.;C:\Windows\Sun\Java\bin;C:\Windows\system32;C:\Windows;C:\dev\tools\apache-ant-1.8.2\bin;C:\dev\tools\apache-maven-3.0.1\bin;C:\dev\tools\svn;C:\Windows\system32;C:\Windows;C:\Windows\System32\Wbem;C:\Program Files\Windows Imaging\;C:\Program Files\Common Files\Roxio Shared\9.0\DLLShared\;C:\Windows\Kixtart\;C:\Windows\Kixtart;C:\dev\tools\TortoiseSVN\bin;C:\Windows\System32\WindowsPowerShell\v1.0\;C:\Program Files\QuickTime\QTSystem\"/>
    <property name="surefire.test.class.path" value="C:\dev\workspaces\dojo\telephone-directory\target\test-classes;C:\dev\workspaces\dojo\telephone-directory\target\classes;C:\Users\Vespucci\.m2\repository\javax\servlet\servlet-api\2.5\servlet-api-2.5.jar;C:\Users\Vespucci\.m2\repository\junit\junit\4.8.2\junit-4.8.2.jar;C:\Users\Vespucci\.m2\repository\org\jmock\jmock-junit4\2.5.1\jmock-junit4-2.5.1.jar;C:\Users\Vespucci\.m2\repository\org\jmock\jmock\2.5.1\jmock-2.5.1.jar;C:\Users\Vespucci\.m2\repository\org\hamcrest\hamcrest-core\1.1\hamcrest-core-1.1.jar;C:\Users\Vespucci\.m2\repository\org\hamcrest\hamcrest-library\1.1\hamcrest-library-1.1.jar;C:\Users\Vespucci\.m2\repository\junit\junit-dep\4.4\junit-dep-4.4.jar;C:\Users\Vespucci\.m2\repository\com\thoughtworks\xstream\xstream\1.3.1\xstream-1.3.1.jar;C:\Users\Vespucci\.m2\repository\xpp3\xpp3_min\1.1.4c\xpp3_min-1.1.4c.jar;C:\Users\Vespucci\.m2\repository\jtidy\jtidy\4aug2000r7-dev\jtidy-4aug2000r7-dev.jar;C:\Users\Vespucci\.m2\repository\xpp3\xpp3\1.1.4c\xpp3-1.1.4c.jar;C:\Users\Vespucci\.m2\repository\javax\xml\stream\stax-api\1.0\stax-api-1.0.jar;C:\Users\Vespucci\.m2\repository\org\codehaus\jettison\jettison\1.2\jettison-1.2.jar;C:\Users\Vespucci\.m2\repository\stax\stax-api\1.0.1\stax-api-1.0.1.jar;C:\Users\Vespucci\.m2\repository\org\projectlombok\lombok\0.9.3\lombok-0.9.3.jar;C:\Users\Vespucci\.m2\repository\org\mortbay\jetty\jetty-servlet-tester\7.0.0pre1\jetty-servlet-tester-7.0.0pre1.jar;C:\Users\Vespucci\.m2\repository\org\mortbay\jetty\jetty\7.0.0pre1\jetty-7.0.0pre1.jar;C:\Users\Vespucci\.m2\repository\org\mortbay\jetty\servlet-api-3.0\7.0.0pre1\servlet-api-3.0-7.0.0pre1.jar;C:\Users\Vespucci\.m2\repository\org\mortbay\jetty\jetty-util\7.0.0pre1\jetty-util-7.0.0pre1.jar;C:\Users\Vespucci\.m2\repository\log4j\log4j\1.2.15\log4j-1.2.15.jar;C:\Users\Vespucci\.m2\repository\com\google\guava\guava\r08\guava-r08.jar;C:\Users\Vespucci\.m2\repository\commons-lang\commons-lang\2.6\commons-lang-2.6.jar;"/>
    <property name="java.specification.name" value="Java Platform API Specification"/>
    <property name="java.class.version" value="50.0"/>
    <property name="sun.management.compiler" value="HotSpot Client Compiler"/>
    <property name="os.version" value="6.0"/>
    <property name="user.home" value="C:\Users\Vespucci"/>
    <property name="user.timezone" value=""/>
    <property name="java.awt.printerjob" value="sun.awt.windows.WPrinterJob"/>
    <property name="java.specification.version" value="1.6"/>
    <property name="file.encoding" value="Cp1252"/>
    <property name="user.name" value="Vespucci"/>
    <property name="java.class.path" value="C:\dev\workspaces\dojo\telephone-directory\target\test-classes;C:\dev\workspaces\dojo\telephone-directory\target\classes;C:\Users\Vespucci\.m2\repository\javax\servlet\servlet-api\2.5\servlet-api-2.5.jar;C:\Users\Vespucci\.m2\repository\junit\junit\4.8.2\junit-4.8.2.jar;C:\Users\Vespucci\.m2\repository\org\jmock\jmock-junit4\2.5.1\jmock-junit4-2.5.1.jar;C:\Users\Vespucci\.m2\repository\org\jmock\jmock\2.5.1\jmock-2.5.1.jar;C:\Users\Vespucci\.m2\repository\org\hamcrest\hamcrest-core\1.1\hamcrest-core-1.1.jar;C:\Users\Vespucci\.m2\repository\org\hamcrest\hamcrest-library\1.1\hamcrest-library-1.1.jar;C:\Users\Vespucci\.m2\repository\junit\junit-dep\4.4\junit-dep-4.4.jar;C:\Users\Vespucci\.m2\repository\com\thoughtworks\xstream\xstream\1.3.1\xstream-1.3.1.jar;C:\Users\Vespucci\.m2\repository\xpp3\xpp3_min\1.1.4c\xpp3_min-1.1.4c.jar;C:\Users\Vespucci\.m2\repository\jtidy\jtidy\4aug2000r7-dev\jtidy-4aug2000r7-dev.jar;C:\Users\Vespucci\.m2\repository\xpp3\xpp3\1.1.4c\xpp3-1.1.4c.jar;C:\Users\Vespucci\.m2\repository\javax\xml\stream\stax-api\1.0\stax-api-1.0.jar;C:\Users\Vespucci\.m2\repository\org\codehaus\jettison\jettison\1.2\jettison-1.2.jar;C:\Users\Vespucci\.m2\repository\stax\stax-api\1.0.1\stax-api-1.0.1.jar;C:\Users\Vespucci\.m2\repository\org\projectlombok\lombok\0.9.3\lombok-0.9.3.jar;C:\Users\Vespucci\.m2\repository\org\mortbay\jetty\jetty-servlet-tester\7.0.0pre1\jetty-servlet-tester-7.0.0pre1.jar;C:\Users\Vespucci\.m2\repository\org\mortbay\jetty\jetty\7.0.0pre1\jetty-7.0.0pre1.jar;C:\Users\Vespucci\.m2\repository\org\mortbay\jetty\servlet-api-3.0\7.0.0pre1\servlet-api-3.0-7.0.0pre1.jar;C:\Users\Vespucci\.m2\repository\org\mortbay\jetty\jetty-util\7.0.0pre1\jetty-util-7.0.0pre1.jar;C:\Users\Vespucci\.m2\repository\log4j\log4j\1.2.15\log4j-1.2.15.jar;C:\Users\Vespucci\.m2\repository\com\google\guava\guava\r08\guava-r08.jar;C:\Users\Vespucci\.m2\repository\commons-lang\commons-lang\2.6\commons-lang-2.6.jar;"/>
    <property name="java.vm.specification.version" value="1.0"/>
    <property name="sun.arch.data.model" value="32"/>
    <property name="java.home" value="C:\dev\tools\java\jdk1.6.0_23\jre"/>
    <property name="java.specification.vendor" value="Sun Microsystems Inc."/>
    <property name="user.language" value="en"/>
    <property name="awt.toolkit" value="sun.awt.windows.WToolkit"/>
    <property name="java.vm.info" value="mixed mode, sharing"/>
    <property name="java.version" value="1.6.0_23"/>
    <property name="java.ext.dirs" value="C:\dev\tools\java\jdk1.6.0_23\jre\lib\ext;C:\Windows\Sun\Java\lib\ext"/>
    <property name="sun.boot.class.path" value="C:\dev\tools\java\jdk1.6.0_23\jre\lib\resources.jar;C:\dev\tools\java\jdk1.6.0_23\jre\lib\rt.jar;C:\dev\tools\java\jdk1.6.0_23\jre\lib\sunrsasign.jar;C:\dev\tools\java\jdk1.6.0_23\jre\lib\jsse.jar;C:\dev\tools\java\jdk1.6.0_23\jre\lib\jce.jar;C:\dev\tools\java\jdk1.6.0_23\jre\lib\charsets.jar;C:\dev\tools\java\jdk1.6.0_23\jre\lib\modules\jdk.boot.jar;C:\dev\tools\java\jdk1.6.0_23\jre\classes"/>
    <property name="java.vendor" value="Sun Microsystems Inc."/>
    <property name="localRepository" value="C:\Users\Vespucci\.m2\repository"/>
    <property name="file.separator" value="\"/>
    <property name="java.vendor.url.bug" value="http://java.sun.com/cgi-bin/bugreport.cgi"/>
    <property name="sun.cpu.endian" value="little"/>
    <property name="sun.io.unicode.encoding" value="UnicodeLittle"/>
    <property name="sun.desktop" value="windows"/>
    <property name="sun.cpu.isalist" value="pentium_pro+mmx pentium_pro pentium+mmx pentium i486 i386 i86"/>
  </properties>
  <testcase time="0.028" classname="org.fao.teldir.common.TestUtils" name="org.fao.teldir.common.TestUtils">
    <skipped/>
  </testcase>
</testsuite>